<?xml version="1.0" encoding="UTF-8" ?>
<testsuite errors="1" failures="0" hostname="XIN009OLAB14917" name="junitTestCase.JUnitClass" skipped="0" tests="1" time="160.987" timestamp="2016-07-05T17:24:48">
  <properties>
    <property name="file.encoding.pkg" value="sun.io" />
    <property name="env.PROMPT" value="$P$G" />
    <property name="java.home" value="C:\Program Files\Java\jdk1.7.0_60\jre" />
    <property name="java.endorsed.dirs" value="C:\Program Files\Java\jdk1.7.0_60\jre\lib\endorsed" />
    <property name="env.USERNAME" value="ab14917" />
    <property name="debuglevel" value="source,lines,vars" />
    <property name="env.HUDSON_HOME" value="C:\Users\ab14917\.jenkins" />
    <property name="ECLIPSE_HOME" value="../../eclipse-jee-luna-R-win32-x86_64 (1)/eclipse/" />
    <property name="sun.os.patch.level" value="Service Pack 1" />
    <property name="java.vendor.url" value="http://java.oracle.com/" />
    <property name="env.COMPUTERNAME" value="XIN009OLAB14917" />
    <property name="env.=C:" value="C:\Users\ab14917\SELENIUM_WORKSPACE\EPWFAutomationNew" />
    <property name="env.ProgramFiles(x86)" value="C:\Program Files (x86)" />
    <property name="env.NODE_NAME" value="master" />
    <property name="env.windows_tracing_flags" value="3" />
    <property name="java.version" value="1.7.0_60-ea" />
    <property name="env.ST_INSTALL_PATH" value="C:\Program Files (x86)\HP\Unified Functional Testing\" />
    <property name="env.NODE_LABELS" value="master" />
    <property name="env.JENKINS_SERVER_COOKIE" value="58e3e08ec5df79cb" />
    <property name="java.vendor.url.bug" value="http://bugreport.sun.com/bugreport/" />
    <property name="env.USERPROFILE" value="C:\Users\ab14917" />
    <property name="ant.project.invoked-targets" value="JUnitClass" />
    <property name="env.SystemRoot" value="C:\WINDOWS" />
    <property name="user.name" value="ab14917" />
    <property name="sun.io.unicode.encoding" value="UnicodeLittle" />
    <property name="sun.jnu.encoding" value="Cp1252" />
    <property name="java.runtime.name" value="Java(TM) SE Runtime Environment" />
    <property name="env.LOCALAPPDATA" value="C:\Users\ab14917\AppData\Local" />
    <property name="env.JAVA_TOOL_OPTIONS" value="-Djava.vendor=&quot;Sun Microsystems Inc.&quot;" />
    <property name="java.specification.name" value="Java Platform API Specification" />
    <property name="user.timezone" value="" />
    <property name="user.script" value="" />
    <property name="path.separator" value=";" />
    <property name="env.PROCESSOR_IDENTIFIER" value="Intel64 Family 6 Model 60 Stepping 3, GenuineIntel" />
    <property name="env._JAVACMD" value="C:\Program Files\Java\jdk1.7.0_60\bin\java.exe" />
    <property name="env.=Z:" value="Z:\" />
    <property name="file.encoding" value="Cp1252" />
    <property name="ant.project.default-target" value="build" />
    <property name="sun.java.command" value="org.apache.tools.ant.taskdefs.optional.junit.JUnitTestRunner junitTestCase.JUnitClass filtertrace=true haltOnError=false haltOnFailure=false formatter=org.apache.tools.ant.taskdefs.optional.junit.OutErrSummaryJUnitResultFormatter showoutput=false outputtoformatters=true logfailedtests=true logtestlistenerevents=false formatter=org.apache.tools.ant.taskdefs.optional.junit.XMLJUnitResultFormatter,C:\Users\ab14917\SELENIUM_WORKSPACE\EPWFAutomationNew\junit\TEST-junitTestCase.JUnitClass.xml crashfile=C:\Users\ab14917\SELENIUM_WORKSPACE\EPWFAutomationNew\junitvmwatcher1786003870551802898.properties propsfile=C:\Users\ab14917\SELENIUM_WORKSPACE\EPWFAutomationNew\junit1882315045079704138.properties" />
    <property name="env.NUMBER_OF_PROCESSORS" value="4" />
    <property name="env.APPDATA" value="C:\Users\ab14917\AppData\Roaming" />
    <property name="ant.file" value="C:\Users\ab14917\SELENIUM_WORKSPACE\EPWFAutomationNew\build.xml" />
    <property name="env.BUILD_TAG" value="jenkins-EPWF_WebServices-89" />
    <property name="java.io.tmpdir" value="C:\Windows\Temp\" />
    <property name="user.language" value="en" />
    <property name="env.SystemDrive" value="C:" />
    <property name="line.separator" value="&#xd;&#xa;" />
    <property name="target" value="1.7" />
    <property name="ant.file.type" value="file" />
    <property name="env.JOB_NAME" value="EPWF_WebServices" />
    <property name="java.vm.info" value="mixed mode" />
    <property name="source" value="1.7" />
    <property name="env.BUILD_DISPLAY_NAME" value="#89" />
    <property name="sun.desktop" value="windows" />
    <property name="java.vm.specification.name" value="Java Virtual Machine Specification" />
    <property name="env.BUILD_URL" value="http://localhost:8080/job/EPWF_WebServices/89/" />
    <property name="env.M2_HOME" value="C:\Users\ab14917\Apache\apache-maven-3.3.9-bin" />
    <property name="env.PATHEXT" value=".COM;.EXE;.BAT;.CMD;.VBS;.VBE;.JS;.JSE;.WSF;.WSH;.MSC;.PY" />
    <property name="env.USERDOMAIN_ROAMINGPROFILE" value="CTL" />
    <property name="env.LOGONSERVER" value="\\PKABWDOMAD502" />
    <property name="java.awt.printerjob" value="sun.awt.windows.WPrinterJob" />
    <property name="env.LSERVRC" value="C:\ProgramData\HP\Functional testing\License\lservrc" />
    <property name="env.HUDSON_SERVER_COOKIE" value="58e3e08ec5df79cb" />
    <property name="env.PUBLIC" value="C:\Users\Public" />
    <property name="ant.version" value="Apache Ant(TM) version 1.9.2 compiled on July 8 2013" />
    <property name="env.USERDOMAIN" value="CTL" />
    <property name="env.PROCESSOR_LEVEL" value="6" />
    <property name="env.windir" value="C:\WINDOWS" />
    <property name="env.BUILD_NUMBER" value="89" />
    <property name="env.CommonProgramFiles(x86)" value="C:\Program Files (x86)\Common Files" />
    <property name="os.name" value="Windows 7" />
    <property name="java.specification.vendor" value="Oracle Corporation" />
    <property name="env.PYTHONPATH" value="C:\Python34;C:\Python34\DLLs;C:\Python34\Lib;C:\Python34\Scripts" />
    <property name="env.TMP" value="C:\Windows\Temp" />
    <property name="java.vm.name" value="Java HotSpot(TM) 64-Bit Server VM" />
    <property name="env.ProgramData" value="C:\ProgramData" />
    <property name="env.JOB_URL" value="http://localhost:8080/job/EPWF_WebServices/" />
    <property name="env.OS" value="Windows_NT" />
    <property name="java.library.path" value="C:\Program Files\Java\jdk1.7.0_60\jre\bin;C:\WINDOWS\Sun\Java\bin;C:\WINDOWS\system32;C:\WINDOWS;C:\Program Files\Java\jdk1.7.0_60/bin;C:\Program Files\Java\jdk1.7.0_60/bin;C:\Program Files\Java\jdk1.8.0_05\bin;C:\Users\ab14917\Apache\apache-maven-3.3.9-bin\bin;C:\WINDOWS\system32;C:\Program Files\Git\cmd;;." />
    <property name="env.LSFORCEHOST" value="qtdenvmpc031" />
    <property name="env.HUDSON_URL" value="http://localhost:8080/" />
    <property name="ant.java.version" value="1.7" />
    <property name="ant.file.type.EPWFAutomationNew" value="file" />
    <property name="env.JENKINS_URL" value="http://localhost:8080/" />
    <property name="basedir" value="C:\Users\ab14917\SELENIUM_WORKSPACE\EPWFAutomationNew" />
    <property name="java.class.version" value="51.0" />
    <property name="env.TNS_ADMIN" value="C:\Program Files\Quest Software\Toad for Oracle 11.6\tns" />
    <property name="ant.home" value="C:\Users\ab14917\eclipse-jee-luna-R-win32-x86_64 (1)\eclipse\plugins\org.apache.ant_1.9.2.v201404171502" />
    <property name="env.Path" value="C:\Program Files\Java\jdk1.7.0_60/bin;C:\Program Files\Java\jdk1.7.0_60/bin;C:\Program Files\Java\jdk1.8.0_05\bin;C:\Users\ab14917\Apache\apache-maven-3.3.9-bin\bin;C:\WINDOWS\system32;C:\Program Files\Git\cmd;" />
    <property name="env.JENKINS_HOME" value="C:\Users\ab14917\.jenkins" />
    <property name="env.HOMEDRIVE" value="C:" />
    <property name="env.windows_tracing_logfile" value="C:\BVTBin\Tests\installpackage\csilogfile.log" />
    <property name="sun.boot.library.path" value="C:\Program Files\Java\jdk1.7.0_60\jre\bin" />
    <property name="env.PROCESSOR_REVISION" value="3c03" />
    <property name="sun.management.compiler" value="HotSpot 64-Bit Tiered Compilers" />
    <property name="java.awt.graphicsenv" value="sun.awt.Win32GraphicsEnvironment" />
    <property name="user.variant" value="" />
    <property name="ant.project.name" value="EPWFAutomationNew" />
    <property name="java.vm.specification.version" value="1.7" />
    <property name="awt.toolkit" value="sun.awt.windows.WToolkit" />
    <property name="sun.cpu.isalist" value="amd64" />
    <property name="java.ext.dirs" value="C:\Program Files\Java\jdk1.7.0_60\jre\lib\ext;C:\WINDOWS\Sun\Java\lib\ext" />
    <property name="os.version" value="6.1" />
    <property name="user.home" value="C:\Users\ab14917" />
    <property name="java.vm.vendor" value="Oracle Corporation" />
    <property name="env.CommonProgramW6432" value="C:\Program Files\Common Files" />
    <property name="env.USERDNSDOMAIN" value="CTL.INTRANET" />
    <property name="env.JAVA_HOME" value="C:\Program Files\Java\jdk1.7.0_60" />
    <property name="env.ProgramW6432" value="C:\Program Files" />
    <property name="junit.output.dir" value="junit" />
    <property name="user.dir" value="C:\Users\ab14917\SELENIUM_WORKSPACE\EPWFAutomationNew" />
    <property name="env.M2" value="C:\Users\ab14917\Apache\apache-maven-3.3.9-bin\bin" />
    <property name="env.FP_NO_HOST_CHECK" value="NO" />
    <property name="sun.cpu.endian" value="little" />
    <property name="env._USE_CLASSPATH" value="no" />
    <property name="env.ALLUSERSPROFILE" value="C:\ProgramData" />
    <property name="env.PROCESSOR_ARCHITECTURE" value="AMD64" />
    <property name="java.vm.version" value="24.60-b06" />
    <property name="java.class.path" value="C:\Users\ab14917\SELENIUM_WORKSPACE\EPWFAutomationNew\bin;C:\Users\ab14917\eclipse-jee-luna-R-win32-x86_64 (1)\eclipse\plugins\org.junit_4.11.0.v201303080030\junit.jar;C:\Users\ab14917\eclipse-jee-luna-R-win32-x86_64 (1)\eclipse\plugins\org.hamcrest.core_1.3.0.v201303031735.jar;C:\Users\ab14917\Desktop\PERSONAL\SELENIUM\ALL JARS\jsoup-1.9.2.jar;C:\Users\ab14917\Desktop\PERSONAL\SELENIUM\ALL JARS\jsoup-1.8.3.jar;C:\Users\ab14917\Desktop\PERSONAL\SELENIUM\ALL JARS\dom4j-2.0.0-RC1.jar;C:\Users\ab14917\Desktop\PERSONAL\SELENIUM\ALL JARS\apache-mime4j-0.6.jar;C:\Users\ab14917\Desktop\PERSONAL\SELENIUM\ALL JARS\bsh-2.0b4.jar;C:\Users\ab14917\Desktop\PERSONAL\SELENIUM\ALL JARS\cglib-nodep-2.1_3.jar;C:\Users\ab14917\Desktop\PERSONAL\SELENIUM\ALL JARS\commons-codec-1.10.jar;C:\Users\ab14917\Desktop\PERSONAL\SELENIUM\ALL JARS\commons-collections-3.2.1.jar;C:\Users\ab14917\Desktop\PERSONAL\SELENIUM\ALL JARS\commons-el-1.0.jar;C:\Users\ab14917\Desktop\PERSONAL\SELENIUM\ALL JARS\commons-exec-1.3.jar;C:\Users\ab14917\Desktop\PERSONAL\SELENIUM\ALL JARS\commons-io-2.4.jar;C:\Users\ab14917\Desktop\PERSONAL\SELENIUM\ALL JARS\commons-logging-1.2.jar;C:\Users\ab14917\Desktop\PERSONAL\SELENIUM\ALL JARS\cssparser-0.9.16.jar;C:\Users\ab14917\Desktop\PERSONAL\SELENIUM\ALL JARS\gson-2.3.1.jar;C:\Users\ab14917\Desktop\PERSONAL\SELENIUM\ALL JARS\guava-18.0.jar;C:\Users\ab14917\Desktop\PERSONAL\SELENIUM\ALL JARS\hamcrest-core-1.3.jar;C:\Users\ab14917\Desktop\PERSONAL\SELENIUM\ALL JARS\hamcrest-library-1.3.jar;C:\Users\ab14917\Desktop\PERSONAL\SELENIUM\ALL JARS\htmlunit-2.18.jar;C:\Users\ab14917\Desktop\PERSONAL\SELENIUM\ALL JARS\htmlunit-core-js-2.17.jar;C:\Users\ab14917\Desktop\PERSONAL\SELENIUM\ALL JARS\httpclient-4.5.1.jar;C:\Users\ab14917\Desktop\PERSONAL\SELENIUM\ALL JARS\httpcore-4.4.3.jar;C:\Users\ab14917\Desktop\PERSONAL\SELENIUM\ALL JARS\httpmime-4.5.jar;C:\Users\ab14917\Desktop\PERSONAL\SELENIUM\ALL JARS\jasper-compiler-5.5.15.jar;C:\Users\ab14917\Desktop\PERSONAL\SELENIUM\ALL JARS\jasper-compiler-jdt-5.5.15.jar;C:\Users\ab14917\Desktop\PERSONAL\SELENIUM\ALL JARS\jasper-runtime-5.5.15.jar;C:\Users\ab14917\Desktop\PERSONAL\SELENIUM\ALL JARS\javax.servlet-api-3.1.0.jar;C:\Users\ab14917\Desktop\PERSONAL\SELENIUM\ALL JARS\jcommander-1.48.jar;C:\Users\ab14917\Desktop\PERSONAL\SELENIUM\ALL JARS\jetty-continuation-9.2.13.v20150730.jar;C:\Users\ab14917\Desktop\PERSONAL\SELENIUM\ALL JARS\jetty-http-9.2.13.v20150730.jar;C:\Users\ab14917\Desktop\PERSONAL\SELENIUM\ALL JARS\jetty-io-9.2.13.v20150730.jar;C:\Users\ab14917\Desktop\PERSONAL\SELENIUM\ALL JARS\jetty-jmx-9.2.13.v20150730.jar;C:\Users\ab14917\Desktop\PERSONAL\SELENIUM\ALL JARS\jetty-security-9.2.13.v20150730.jar;C:\Users\ab14917\Desktop\PERSONAL\SELENIUM\ALL JARS\jetty-server-9.2.13.v20150730.jar;C:\Users\ab14917\Desktop\PERSONAL\SELENIUM\ALL JARS\jetty-servlet-9.2.13.v20150730.jar;C:\Users\ab14917\Desktop\PERSONAL\SELENIUM\ALL JARS\jetty-servlets-9.2.13.v20150730.jar;C:\Users\ab14917\Desktop\PERSONAL\SELENIUM\ALL JARS\jetty-util-9.2.13.v20150730.jar;C:\Users\ab14917\Desktop\PERSONAL\SELENIUM\ALL JARS\jna-4.1.0.jar;C:\Users\ab14917\Desktop\PERSONAL\SELENIUM\ALL JARS\jna-platform-4.1.0.jar;C:\Users\ab14917\Desktop\PERSONAL\SELENIUM\ALL JARS\jsp-api-2.0.jar;C:\Users\ab14917\Desktop\PERSONAL\SELENIUM\ALL JARS\junit-4.12.jar;C:\Users\ab14917\Desktop\PERSONAL\SELENIUM\ALL JARS\nekohtml-1.9.22.jar;C:\Users\ab14917\Desktop\PERSONAL\SELENIUM\ALL JARS\netty-3.5.7.Final.jar;C:\Users\ab14917\Desktop\PERSONAL\SELENIUM\ALL JARS\phantomjsdriver-1.2.1.jar;C:\Users\ab14917\Desktop\PERSONAL\SELENIUM\ALL JARS\sac-1.3.jar;C:\Users\ab14917\Desktop\PERSONAL\SELENIUM\ALL JARS\selenium-java-2.48.2.jar;C:\Users\ab14917\Desktop\PERSONAL\SELENIUM\ALL JARS\selenium-java-2.48.2-srcs.jar;C:\Users\ab14917\Desktop\PERSONAL\SELENIUM\ALL JARS\serializer-2.7.2.jar;C:\Users\ab14917\Desktop\PERSONAL\SELENIUM\ALL JARS\testng-6.9.6.jar;C:\Users\ab14917\Desktop\PERSONAL\SELENIUM\ALL JARS\websocket-api-9.2.13.v20150730.jar;C:\Users\ab14917\Desktop\PERSONAL\SELENIUM\ALL JARS\websocket-client-9.2.13.v20150730.jar;C:\Users\ab14917\Desktop\PERSONAL\SELENIUM\ALL JARS\websocket-common-9.2.13.v20150730.jar;C:\Users\ab14917\Desktop\PERSONAL\SELENIUM\ALL JARS\xalan-2.7.2.jar;C:\Users\ab14917\Desktop\PERSONAL\SELENIUM\ALL JARS\xercesImpl-2.11.0.jar;C:\Users\ab14917\Desktop\PERSONAL\SELENIUM\ALL JARS\xml-apis-1.4.01.jar;C:\Users\ab14917\Desktop\PERSONAL\SELENIUM\ALL JARS\poi-excelant-3.12-20150511.jar;C:\Users\ab14917\Desktop\PERSONAL\SELENIUM\ALL JARS\poi-ooxml-schemas-3.12-20150511.jar;C:\Users\ab14917\Desktop\PERSONAL\SELENIUM\ALL JARS\poi-3.12-20150511.jar;C:\Users\ab14917\Desktop\PERSONAL\SELENIUM\ALL JARS\poi-examples-3.12-20150511.jar;C:\Users\ab14917\Desktop\PERSONAL\SELENIUM\ALL JARS\poi-ooxml-3.12-20150511.jar;C:\Users\ab14917\Desktop\PERSONAL\SELENIUM\ALL JARS\poi-scratchpad-3.12-20150511.jar;C:\Users\ab14917\Desktop\PERSONAL\SELENIUM\ALL JARS\xmlbeans-2.6.0.jar;C:\Users\ab14917\Desktop\PERSONAL\SELENIUM\ALL JARS\commons-lang3-3.4-javadoc.jar;C:\Users\ab14917\Desktop\PERSONAL\SELENIUM\ALL JARS\commons-lang3-3.4.jar;C:\Users\ab14917\Desktop\PERSONAL\SELENIUM\ALL JARS\xmlbeans-5.1.3-sources.jar;C:\Users\ab14917\Desktop\PERSONAL\SELENIUM\ALL JARS\dom4j-1.6.jar;C:\Users\ab14917\Desktop\PERSONAL\SELENIUM\ALL JARS\javax-xml-soap-1.6.0.jar;C:\Users\ab14917\Desktop\PERSONAL\SELENIUM\ALL JARS\ojdbc6.jar;C:\Users\ab14917\Desktop\PERSONAL\SELENIUM\ALL JARS\ojdbc14.jar;C:\Users\ab14917\Desktop\PERSONAL\SELENIUM\ALL JARS\apache-commons-lang.jar;C:\Users\ab14917\eclipse-jee-luna-R-win32-x86_64 (1)\eclipse\plugins\org.apache.ant_1.9.2.v201404171502\lib\ant-launcher.jar;C:\Users\ab14917\eclipse-jee-luna-R-win32-x86_64 (1)\eclipse\plugins\org.apache.ant_1.9.2.v201404171502\lib\ant.jar;C:\Users\ab14917\eclipse-jee-luna-R-win32-x86_64 (1)\eclipse\plugins\org.apache.ant_1.9.2.v201404171502\lib\ant-junit.jar;C:\Users\ab14917\eclipse-jee-luna-R-win32-x86_64 (1)\eclipse\plugins\org.apache.ant_1.9.2.v201404171502\lib\ant-junit4.jar" />
    <property name="env.HOMEPATH" value="\Users\ab14917" />
    <property name="env.UATDATA" value="C:\WINDOWS\CCM\UATData\D9F8C395-CAB8-491d-B8AC-179A1FE1BE77" />
    <property name="ant.library.dir" value="C:\Users\ab14917\eclipse-jee-luna-R-win32-x86_64 (1)\eclipse\plugins\org.apache.ant_1.9.2.v201404171502\lib" />
    <property name="os.arch" value="amd64" />
    <property name="env.SESSIONNAME" value="Console" />
    <property name="sun.java.launcher" value="SUN_STANDARD" />
    <property name="env.CommonProgramFiles" value="C:\Program Files\Common Files" />
    <property name="env.BUILD_ID" value="89" />
    <property name="ant.core.lib" value="C:\Users\ab14917\eclipse-jee-luna-R-win32-x86_64 (1)\eclipse\plugins\org.apache.ant_1.9.2.v201404171502\lib\ant.jar" />
    <property name="env.ProgramFiles" value="C:\Program Files" />
    <property name="java.vm.specification.vendor" value="Oracle Corporation" />
    <property name="file.separator" value="\" />
    <property name="ant.file.EPWFAutomationNew" value="C:\Users\ab14917\SELENIUM_WORKSPACE\EPWFAutomationNew\build.xml" />
    <property name="env.ANT_CMD_LINE_ARGS" value=" -file build.xml JUnitClass" />
    <property name="java.runtime.version" value="1.7.0_60-ea-b03" />
    <property name="sun.boot.class.path" value="C:\Program Files\Java\jdk1.7.0_60\jre\lib\resources.jar;C:\Program Files\Java\jdk1.7.0_60\jre\lib\rt.jar;C:\Program Files\Java\jdk1.7.0_60\jre\lib\sunrsasign.jar;C:\Program Files\Java\jdk1.7.0_60\jre\lib\jsse.jar;C:\Program Files\Java\jdk1.7.0_60\jre\lib\jce.jar;C:\Program Files\Java\jdk1.7.0_60\jre\lib\charsets.jar;C:\Program Files\Java\jdk1.7.0_60\jre\lib\jfr.jar;C:\Program Files\Java\jdk1.7.0_60\jre\classes" />
    <property name="env.ComSpec" value="C:\WINDOWS\system32\cmd.exe" />
    <property name="env.WORKSPACE" value="C:\Users\ab14917\SELENIUM_WORKSPACE\EPWFAutomationNew" />
    <property name="env.TEMP" value="C:\Windows\Temp" />
    <property name="env.ANT_HOME" value="C:\Users\ab14917\eclipse-jee-luna-R-win32-x86_64 (1)\eclipse\plugins\org.apache.ant_1.9.2.v201404171502" />
    <property name="user.country" value="US" />
    <property name="env.EXECUTOR_NUMBER" value="0" />
    <property name="java.vendor" value="Sun Microsystems Inc." />
    <property name="env.PSModulePath" value="C:\WINDOWS\system32\WindowsPowerShell\v1.0\Modules\;C:\Program Files (x86)\Microsoft SQL Server\120\Tools\PowerShell\Modules\" />
    <property name="env.HUDSON_COOKIE" value="f07cf99d-b371-409c-a3d3-8be05be2d486" />
    <property name="java.specification.version" value="1.7" />
    <property name="sun.arch.data.model" value="64" />
  </properties>
  <testcase classname="junitTestCase.JUnitClass" name="RunTest" time="160.704">
    <error message="Unable to locate element: {&quot;method&quot;:&quot;id&quot;,&quot;selector&quot;:&quot;Continue&quot;}&#xa;Command duration or timeout: 60.04 seconds&#xa;For documentation on this error, please visit: http://seleniumhq.org/exceptions/no_such_element.html&#xa;Build info: version: &apos;2.48.2&apos;, revision: &apos;41bccdd&apos;, time: &apos;2015-10-09 19:55:52&apos;&#xa;System info: host: &apos;XIN009OLAB14917&apos;, ip: &apos;192.168.0.5&apos;, os.name: &apos;Windows 7&apos;, os.arch: &apos;amd64&apos;, os.version: &apos;6.1&apos;, java.version: &apos;1.7.0_60-ea&apos;&#xa;*** Element info: {Using=id, value=Continue}&#xa;Session ID: 2c7ba712-b974-4a91-82ce-bbd61ea078e5&#xa;Driver info: org.openqa.selenium.firefox.FirefoxDriver&#xa;Capabilities [{platform=WINDOWS, acceptSslCerts=true, javascriptEnabled=true, cssSelectorsEnabled=true, databaseEnabled=true, browserName=firefox, handlesAlerts=true, nativeEvents=false, webStorageEnabled=true, rotatable=false, locationContextEnabled=true, applicationCacheEnabled=true, takesScreenshot=true, version=38.4.0}]" type="org.openqa.selenium.NoSuchElementException">org.openqa.selenium.NoSuchElementException: Unable to locate element: {&quot;method&quot;:&quot;id&quot;,&quot;selector&quot;:&quot;Continue&quot;}
Command duration or timeout: 60.04 seconds
For documentation on this error, please visit: http://seleniumhq.org/exceptions/no_such_element.html
Build info: version: &apos;2.48.2&apos;, revision: &apos;41bccdd&apos;, time: &apos;2015-10-09 19:55:52&apos;
System info: host: &apos;XIN009OLAB14917&apos;, ip: &apos;192.168.0.5&apos;, os.name: &apos;Windows 7&apos;, os.arch: &apos;amd64&apos;, os.version: &apos;6.1&apos;, java.version: &apos;1.7.0_60-ea&apos;
*** Element info: {Using=id, value=Continue}
Session ID: 2c7ba712-b974-4a91-82ce-bbd61ea078e5
Driver info: org.openqa.selenium.firefox.FirefoxDriver
Capabilities [{platform=WINDOWS, acceptSslCerts=true, javascriptEnabled=true, cssSelectorsEnabled=true, databaseEnabled=true, browserName=firefox, handlesAlerts=true, nativeEvents=false, webStorageEnabled=true, rotatable=false, locationContextEnabled=true, applicationCacheEnabled=true, takesScreenshot=true, version=38.4.0}]
	at java.lang.reflect.Constructor.newInstance(Constructor.java:526)
	at org.openqa.selenium.remote.ErrorHandler.createThrowable(ErrorHandler.java:206)
	at org.openqa.selenium.remote.ErrorHandler.throwIfResponseFailed(ErrorHandler.java:158)
	at org.openqa.selenium.remote.RemoteWebDriver.execute(RemoteWebDriver.java:647)
	at org.openqa.selenium.remote.RemoteWebDriver.findElement(RemoteWebDriver.java:353)
	at org.openqa.selenium.remote.RemoteWebDriver.findElementById(RemoteWebDriver.java:403)
	at org.openqa.selenium.By$ById.findElement(By.java:218)
	at org.openqa.selenium.remote.RemoteWebDriver.findElement(RemoteWebDriver.java:345)
	at org.openqa.selenium.support.pagefactory.DefaultElementLocator.findElement(DefaultElementLocator.java:69)
	at org.openqa.selenium.support.pagefactory.internal.LocatingElementHandler.invoke(LocatingElementHandler.java:38)
	at com.sun.proxy.$Proxy5.click(Unknown Source)
	at businessSpecific.IFrameNavigation.getNevigationForDeTokenization(IFrameNavigation.java:834)
	at businessSpecific.ScenariosSequencing.deTokenization(ScenariosSequencing.java:513)
	at businessSpecific.TestCaseSwitchScenario.switchBasedOnScenarioName(TestCaseSwitchScenario.java:174)
	at businessSpecific.TestCaseSwitchScenario.Execute(TestCaseSwitchScenario.java:61)
	at junitTestCase.JUnitClass.RunTest(JUnitClass.java:25)
Caused by: org.openqa.selenium.NoSuchElementException: Unable to locate element: {&quot;method&quot;:&quot;id&quot;,&quot;selector&quot;:&quot;Continue&quot;}
For documentation on this error, please visit: http://seleniumhq.org/exceptions/no_such_element.html
Build info: version: &apos;2.48.2&apos;, revision: &apos;41bccdd&apos;, time: &apos;2015-10-09 19:55:52&apos;
System info: host: &apos;XIN009OLAB14917&apos;, ip: &apos;192.168.0.5&apos;, os.name: &apos;Windows 7&apos;, os.arch: &apos;amd64&apos;, os.version: &apos;6.1&apos;, java.version: &apos;1.7.0_60-ea&apos;
Driver info: driver.version: unknown
	at &lt;anonymous class&gt;.FirefoxDriver.prototype.findElementInternal_(file:///C:/Windows/Temp/anonymous6331176470774235557webdriver-profile/extensions/fxdriver@googlecode.com/components/driver-component.js:10659)
	at &lt;anonymous class&gt;.fxdriver.Timer.prototype.setTimeout/&lt;.notify(file:///C:/Windows/Temp/anonymous6331176470774235557webdriver-profile/extensions/fxdriver@googlecode.com/components/driver-component.js:621)
</error>
  </testcase>
  <system-out><![CDATA[Testing In Env : HCDE Env
##################################################

-------------------Starting Test Case:HCDE_Tokenization ----------------
--------Start Iteration---------
Sending Tokenization Request
Recieved Tokenization Response
Successfull response received
Payment was not successful.Navigated to:https://www.google.co.in/?gws_rd=cr&ei=su17V-iRL4fjvgSWuoK4Cg
-------End Iteration-------


-------------------Ended Test Case:HCDE_Tokenization ----------------



Testing In Env : HCDE Env
##################################################

-------------------Starting Test Case:HCDE_AuthorizePayment ----------------
--------Start Iteration---------
Sending AuthorizePayment Request
Recieved AuthorizePayment Response
Successfull response received
PAC Tag is verified asAUTHORIZE
PST Tag is not verified as
PRM Tag is not verified as
RCD Tag is not verified asF
Authorize Payment was not successful
-------End Iteration-------


-------------------Ended Test Case:HCDE_AuthorizePayment ----------------



Testing In Env : HCDE Env
##################################################

-------------------Starting Test Case:HCDE_VoidPayment ----------------
--------Start Iteration---------
Sending voidPayment Request
Recieved voidPayment Response
Successfull response received
RCD Tag is not verified asF
void Payment was not successful
-------End Iteration-------


-------------------Ended Test Case:HCDE_VoidPayment ----------------



Testing In Env : HCDE Env
##################################################

-------------------Starting Test Case:HCDE_DeTokenization ----------------
--------Start Iteration---------
Sending deTokenization Request
Recieved deTokenization Response
Successfull response received
]]></system-out>
  <system-err><![CDATA[]]></system-err>
</testsuite>
